This is pdfTeX, Version 3.141592653-2.6-1.40.25 (MiKTeX 23.5) (preloaded format=pdflatex 2023.9.13)  12 JUN 2024 07:59
entering extended mode
 restricted \write18 enabled.
 file:line:error style messages enabled.
 %&-line parsing enabled.
**c:/Users/JSMC/OneDrive/Documents/Univalle/Semestre-5/Redes/Parcial/145aaa5d-43ee-4554-a668-f82b6b43765f_Export-74f507fb-6ede-409a-8621-eecbb4519efb/latex/main.tex
(c:/Users/JSMC/OneDrive/Documents/Univalle/Semestre-5/Redes/Parcial/145aaa5d-43ee-4554-a668-f82b6b43765f_Export-74f507fb-6ede-409a-8621-eecbb4519efb/latex/main.tex
LaTeX2e <2023-06-01> patch level 1
L3 programming layer <2023-08-29>
(C:\Users\JSMC\AppData\Local\Programs\MiKTeX\tex/latex/base\article.cls
Document Class: article 2023/05/17 v1.4n Standard LaTeX document class
(C:\Users\JSMC\AppData\Local\Programs\MiKTeX\tex/latex/base\size10.clo
File: size10.clo 2023/05/17 v1.4n Standard LaTeX file (size option)
)
\c@part=\count185
\c@section=\count186
\c@subsection=\count187
\c@subsubsection=\count188
\c@paragraph=\count189
\c@subparagraph=\count190
\c@figure=\count191
\c@table=\count192
\abovecaptionskip=\skip48
\belowcaptionskip=\skip49
\bibindent=\dimen140
) (C:\Users\JSMC\AppData\Local\Programs\MiKTeX\tex/latex/tools\array.sty
Package: array 2022/09/04 v2.5g Tabular extension package (FMi)
\col@sep=\dimen141
\ar@mcellbox=\box51
\extrarowheight=\dimen142
\NC@list=\toks17
\extratabsurround=\skip50
\backup@length=\skip51
\ar@cellbox=\box52
) (C:\Users\JSMC\AppData\Local\Programs\MiKTeX\tex/latex/geometry\geometry.sty
Package: geometry 2020/01/02 v5.9 Page Geometry
 (C:\Users\JSMC\AppData\Local\Programs\MiKTeX\tex/latex/graphics\keyval.sty
Package: keyval 2022/05/29 v1.15 key=value parser (DPC)
\KV@toks@=\toks18
) (C:\Users\JSMC\AppData\Local\Programs\MiKTeX\tex/generic/iftex\ifvtex.sty
Package: ifvtex 2019/10/25 v1.7 ifvtex legacy package. Use iftex instead.
 (C:\Users\JSMC\AppData\Local\Programs\MiKTeX\tex/generic/iftex\iftex.sty
Package: iftex 2022/02/03 v1.0f TeX engine tests
))
\Gm@cnth=\count193
\Gm@cntv=\count194
\c@Gm@tempcnt=\count195
\Gm@bindingoffset=\dimen143
\Gm@wd@mp=\dimen144
\Gm@odd@mp=\dimen145
\Gm@even@mp=\dimen146
\Gm@layoutwidth=\dimen147
\Gm@layoutheight=\dimen148
\Gm@layouthoffset=\dimen149
\Gm@layoutvoffset=\dimen150
\Gm@dimlist=\toks19
 (C:\Users\JSMC\AppData\Local\Programs\MiKTeX\tex/latex/geometry\geometry.cfg)) (C:\Users\JSMC\AppData\Local\Programs\MiKTeX\tex/latex/l3backend\l3backend-pdftex.def
File: l3backend-pdftex.def 2023-04-19 L3 backend support: PDF output (pdfTeX)
\l__color_backend_stack_int=\count196
\l__pdf_internal_box=\box53
) (main.aux)
\openout1 = `main.aux'.

LaTeX Font Info:    Checking defaults for OML/cmm/m/it on input line 5.
LaTeX Font Info:    ... okay on input line 5.
LaTeX Font Info:    Checking defaults for OMS/cmsy/m/n on input line 5.
LaTeX Font Info:    ... okay on input line 5.
LaTeX Font Info:    Checking defaults for OT1/cmr/m/n on input line 5.
LaTeX Font Info:    ... okay on input line 5.
LaTeX Font Info:    Checking defaults for T1/cmr/m/n on input line 5.
LaTeX Font Info:    ... okay on input line 5.
LaTeX Font Info:    Checking defaults for TS1/cmr/m/n on input line 5.
LaTeX Font Info:    ... okay on input line 5.
LaTeX Font Info:    Checking defaults for OMX/cmex/m/n on input line 5.
LaTeX Font Info:    ... okay on input line 5.
LaTeX Font Info:    Checking defaults for U/cmr/m/n on input line 5.
LaTeX Font Info:    ... okay on input line 5.

*geometry* driver: auto-detecting
*geometry* detected driver: pdftex
*geometry* verbose mode - [ preamble ] result:
* driver: pdftex
* paper: a4paper
* layout: <same size as paper>
* layoutoffset:(h,v)=(0.0pt,0.0pt)
* modes: 
* h-part:(L,W,R)=(45.80893pt, 505.89pt, 45.80894pt)
* v-part:(T,H,B)=(48.93872pt, 722.7pt, 73.40813pt)
* \paperwidth=597.50787pt
* \paperheight=845.04684pt
* \textwidth=505.89pt
* \textheight=722.7pt
* \oddsidemargin=-26.46106pt
* \evensidemargin=-26.46106pt
* \topmargin=-60.33127pt
* \headheight=12.0pt
* \headsep=25.0pt
* \topskip=10.0pt
* \footskip=30.0pt
* \marginparwidth=4.0pt
* \marginparsep=10.0pt
* \columnsep=10.0pt
* \skip\footins=9.0pt plus 4.0pt minus 2.0pt
* \hoffset=0.0pt
* \voffset=0.0pt
* \mag=1000
* \@twocolumntrue
* \@twosidefalse
* \@mparswitchfalse
* \@reversemarginfalse
* (1in=72.27pt=25.4mm, 1cm=28.453pt)


Overfull \hbox (4.05281pt too wide) in paragraph at lines 135--135
[]    \OT1/cmtt/m/n/10 switchport trunk allowed VLAN 10,11,12,13,14[] 
 []

[1

{C:/Users/JSMC/AppData/Local/MiKTeX/fonts/map/pdftex/pdftex.map}]
Overfull \hbox (25.05263pt too wide) in paragraph at lines 193--193
[]    \OT1/cmtt/m/n/10 ip dhcp excluded-address 192.168.X.1 192.168.X.5[] 
 []


Overfull \hbox (46.05244pt too wide) in paragraph at lines 193--193
[]    \OT1/cmtt/m/n/10 ip dhcp excluded-address 192.168.X.193 192.168.X.197[] 
 []


Overfull \hbox (35.55254pt too wide) in paragraph at lines 193--193
[]    \OT1/cmtt/m/n/10 ip dhcp excluded-address 192.168.X.33 192.168.X.37[] 
 []


Overfull \hbox (35.55254pt too wide) in paragraph at lines 193--193
[]    \OT1/cmtt/m/n/10 ip dhcp excluded-address 192.168.X.65 192.168.X.69[] 
 []

[2]
Underfull \hbox (badness 10000) in paragraph at lines 296--296
[]\OT1/cmr/bx/n/12 Configuraci^^Son de en-rutamiento en-tre
 []


Overfull \hbox (4.05281pt too wide) in paragraph at lines 362--362
[]    \OT1/cmtt/m/n/10 switchport trunk allowed VLAN 10,11,12,13,14[] 
 []


Overfull \hbox (51.3024pt too wide) in paragraph at lines 372--372
[]    \OT1/cmtt/m/n/10 Configure settings based on the screenshots provided.[] 
 []

[3]
Overfull \hbox (56.55235pt too wide) in paragraph at lines 420--420
[]    \OT1/cmtt/m/n/10 ip nat inside source static 192.168.X.98 200.123.226.1[] 
 []


Overfull \hbox (51.3024pt too wide) in paragraph at lines 443--443
[]    \OT1/cmtt/m/n/10 ip nat inside source list 2 interface g0/3/0 overload[] 
 []


Underfull \vbox (badness 1242) has occurred while \output is active []

LaTeX Font Info:    External font `cmex10' loaded for size
(Font)              <7> on input line 452.
LaTeX Font Info:    External font `cmex10' loaded for size
(Font)              <5> on input line 452.

Overfull \hbox (55.72978pt too wide) in paragraph at lines 452--477
[][] 
 []

[4] (main.aux)
 ***********
LaTeX2e <2023-06-01> patch level 1
L3 programming layer <2023-08-29>
 ***********
 ) 
Here is how much of TeX's memory you used:
 1115 strings out of 475247
 20051 string characters out of 5758264
 1940801 words of memory out of 5000000
 22695 multiletter control sequences out of 15000+600000
 559755 words of font info for 42 fonts, out of 8000000 for 9000
 1141 hyphenation exceptions out of 8191
 57i,8n,65p,431b,268s stack positions out of 10000i,1000n,20000p,200000b,200000s
<C:/Users/JSMC/AppData/Local/Programs/MiKTeX/fonts/type1/public/amsfonts/cm/cmbx10.pfb><C:/Users/JSMC/AppData/Local/Programs/MiKTeX/fonts/type1/public/amsfonts/cm/cmbx12.pfb><C:/Users/JSMC/AppData/Local/Programs/MiKTeX/fonts/type1/public/amsfonts/cm/cmr10.pfb><C:/Users/JSMC/AppData/Local/Programs/MiKTeX/fonts/type1/public/amsfonts/cm/cmtt10.pfb>
Output written on main.pdf (4 pages, 85188 bytes).
PDF statistics:
 35 PDF objects out of 1000 (max. 8388607)
 0 named destinations out of 1000 (max. 500000)
 1 words of extra memory for PDF output out of 10000 (max. 10000000)

